2019-03-20 23:14:42,756 INFO org.apache.hadoop.mapreduce.v2.hs.JobHistoryServer: STARTUP_MSG: 
/************************************************************
STARTUP_MSG: Starting JobHistoryServer
STARTUP_MSG:   host = master/192.168.1.111
STARTUP_MSG:   args = []
STARTUP_MSG:   version = 3.1.2
STARTUP_MSG:   classpath = /opt/hadoop/etc/hadoop:/opt/hadoop/share/hadoop/common/lib/accessors-smart-1.2.jar:/opt/hadoop/share/hadoop/common/lib/asm-5.0.4.jar:/opt/hadoop/share/hadoop/common/lib/audience-annotations-0.5.0.jar:/opt/hadoop/share/hadoop/common/lib/avro-1.7.7.jar:/opt/hadoop/share/hadoop/common/lib/commons-beanutils-1.9.3.jar:/opt/hadoop/share/hadoop/common/lib/commons-cli-1.2.jar:/opt/hadoop/share/hadoop/common/lib/commons-codec-1.11.jar:/opt/hadoop/share/hadoop/common/lib/commons-collections-3.2.2.jar:/opt/hadoop/share/hadoop/common/lib/commons-compress-1.18.jar:/opt/hadoop/share/hadoop/common/lib/commons-configuration2-2.1.1.jar:/opt/hadoop/share/hadoop/common/lib/commons-io-2.5.jar:/opt/hadoop/share/hadoop/common/lib/commons-lang-2.6.jar:/opt/hadoop/share/hadoop/common/lib/commons-lang3-3.4.jar:/opt/hadoop/share/hadoop/common/lib/commons-logging-1.1.3.jar:/opt/hadoop/share/hadoop/common/lib/commons-math3-3.1.1.jar:/opt/hadoop/share/hadoop/common/lib/commons-net-3.6.jar:/opt/hadoop/share/hadoop/common/lib/curator-client-2.13.0.jar:/opt/hadoop/share/hadoop/common/lib/curator-framework-2.13.0.jar:/opt/hadoop/share/hadoop/common/lib/curator-recipes-2.13.0.jar:/opt/hadoop/share/hadoop/common/lib/gson-2.2.4.jar:/opt/hadoop/share/hadoop/common/lib/guava-11.0.2.jar:/opt/hadoop/share/hadoop/common/lib/hadoop-annotations-3.1.2.jar:/opt/hadoop/share/hadoop/common/lib/hadoop-auth-3.1.2.jar:/opt/hadoop/share/hadoop/common/lib/htrace-core4-4.1.0-incubating.jar:/opt/hadoop/share/hadoop/common/lib/httpclient-4.5.2.jar:/opt/hadoop/share/hadoop/common/lib/httpcore-4.4.4.jar:/opt/hadoop/share/hadoop/common/lib/jackson-annotations-2.7.8.jar:/opt/hadoop/share/hadoop/common/lib/jackson-core-2.7.8.jar:/opt/hadoop/share/hadoop/common/lib/jackson-core-asl-1.9.13.jar:/opt/hadoop/share/hadoop/common/lib/jackson-databind-2.7.8.jar:/opt/hadoop/share/hadoop/common/lib/jackson-jaxrs-1.9.13.jar:/opt/hadoop/share/hadoop/common/lib/jackson-mapper-asl-1.9.13.jar:/opt/hadoop/share/hadoop/common/lib/jackson-xc-1.9.13.jar:/opt/hadoop/share/hadoop/common/lib/javax.servlet-api-3.1.0.jar:/opt/hadoop/share/hadoop/common/lib/jaxb-api-2.2.11.jar:/opt/hadoop/share/hadoop/common/lib/jaxb-impl-2.2.3-1.jar:/opt/hadoop/share/hadoop/common/lib/jcip-annotations-1.0-1.jar:/opt/hadoop/share/hadoop/common/lib/jersey-core-1.19.jar:/opt/hadoop/share/hadoop/common/lib/jersey-json-1.19.jar:/opt/hadoop/share/hadoop/common/lib/jersey-server-1.19.jar:/opt/hadoop/share/hadoop/common/lib/jersey-servlet-1.19.jar:/opt/hadoop/share/hadoop/common/lib/jettison-1.1.jar:/opt/hadoop/share/hadoop/common/lib/jetty-http-9.3.24.v20180605.jar:/opt/hadoop/share/hadoop/common/lib/jetty-io-9.3.24.v20180605.jar:/opt/hadoop/share/hadoop/common/lib/jetty-security-9.3.24.v20180605.jar:/opt/hadoop/share/hadoop/common/lib/jetty-server-9.3.24.v20180605.jar:/opt/hadoop/share/hadoop/common/lib/jetty-servlet-9.3.24.v20180605.jar:/opt/hadoop/share/hadoop/common/lib/jetty-util-9.3.24.v20180605.jar:/opt/hadoop/share/hadoop/common/lib/jetty-webapp-9.3.24.v20180605.jar:/opt/hadoop/share/hadoop/common/lib/jetty-xml-9.3.24.v20180605.jar:/opt/hadoop/share/hadoop/common/lib/jsch-0.1.54.jar:/opt/hadoop/share/hadoop/common/lib/json-smart-2.3.jar:/opt/hadoop/share/hadoop/common/lib/jsp-api-2.1.jar:/opt/hadoop/share/hadoop/common/lib/jsr305-3.0.0.jar:/opt/hadoop/share/hadoop/common/lib/jsr311-api-1.1.1.jar:/opt/hadoop/share/hadoop/common/lib/kerb-admin-1.0.1.jar:/opt/hadoop/share/hadoop/common/lib/kerb-client-1.0.1.jar:/opt/hadoop/share/hadoop/common/lib/kerb-common-1.0.1.jar:/opt/hadoop/share/hadoop/common/lib/kerb-core-1.0.1.jar:/opt/hadoop/share/hadoop/common/lib/kerb-crypto-1.0.1.jar:/opt/hadoop/share/hadoop/common/lib/kerb-identity-1.0.1.jar:/opt/hadoop/share/hadoop/common/lib/kerb-server-1.0.1.jar:/opt/hadoop/share/hadoop/common/lib/kerb-simplekdc-1.0.1.jar:/opt/hadoop/share/hadoop/common/lib/kerb-util-1.0.1.jar:/opt/hadoop/share/hadoop/common/lib/kerby-asn1-1.0.1.jar:/opt/hadoop/share/hadoop/common/lib/kerby-config-1.0.1.jar:/opt/hadoop/share/hadoop/common/lib/kerby-pkix-1.0.1.jar:/opt/hadoop/share/hadoop/common/lib/kerby-util-1.0.1.jar:/opt/hadoop/share/hadoop/common/lib/kerby-xdr-1.0.1.jar:/opt/hadoop/share/hadoop/common/lib/log4j-1.2.17.jar:/opt/hadoop/share/hadoop/common/lib/netty-3.10.5.Final.jar:/opt/hadoop/share/hadoop/common/lib/nimbus-jose-jwt-4.41.1.jar:/opt/hadoop/share/hadoop/common/lib/paranamer-2.3.jar:/opt/hadoop/share/hadoop/common/lib/protobuf-java-2.5.0.jar:/opt/hadoop/share/hadoop/common/lib/re2j-1.1.jar:/opt/hadoop/share/hadoop/common/lib/slf4j-api-1.7.25.jar:/opt/hadoop/share/hadoop/common/lib/slf4j-log4j12-1.7.25.jar:/opt/hadoop/share/hadoop/common/lib/snappy-java-1.0.5.jar:/opt/hadoop/share/hadoop/common/lib/stax2-api-3.1.4.jar:/opt/hadoop/share/hadoop/common/lib/token-provider-1.0.1.jar:/opt/hadoop/share/hadoop/common/lib/woodstox-core-5.0.3.jar:/opt/hadoop/share/hadoop/common/lib/zookeeper-3.4.13.jar:/opt/hadoop/share/hadoop/common/lib/jul-to-slf4j-1.7.25.jar:/opt/hadoop/share/hadoop/common/lib/metrics-core-3.2.4.jar:/opt/hadoop/share/hadoop/common/hadoop-common-3.1.2-tests.jar:/opt/hadoop/share/hadoop/common/hadoop-common-3.1.2.jar:/opt/hadoop/share/hadoop/common/hadoop-nfs-3.1.2.jar:/opt/hadoop/share/hadoop/common/hadoop-kms-3.1.2.jar:/opt/hadoop/share/hadoop/hdfs:/opt/hadoop/share/hadoop/hdfs/lib/commons-daemon-1.0.13.jar:/opt/hadoop/share/hadoop/hdfs/lib/jetty-util-ajax-9.3.24.v20180605.jar:/opt/hadoop/share/hadoop/hdfs/lib/leveldbjni-all-1.8.jar:/opt/hadoop/share/hadoop/hdfs/lib/netty-all-4.0.52.Final.jar:/opt/hadoop/share/hadoop/hdfs/lib/okhttp-2.7.5.jar:/opt/hadoop/share/hadoop/hdfs/lib/okio-1.6.0.jar:/opt/hadoop/share/hadoop/hdfs/lib/hadoop-auth-3.1.2.jar:/opt/hadoop/share/hadoop/hdfs/lib/commons-codec-1.11.jar:/opt/hadoop/share/hadoop/hdfs/lib/log4j-1.2.17.jar:/opt/hadoop/share/hadoop/hdfs/lib/httpclient-4.5.2.jar:/opt/hadoop/share/hadoop/hdfs/lib/httpcore-4.4.4.jar:/opt/hadoop/share/hadoop/hdfs/lib/commons-logging-1.1.3.jar:/opt/hadoop/share/hadoop/hdfs/lib/nimbus-jose-jwt-4.41.1.jar:/opt/hadoop/share/hadoop/hdfs/lib/jcip-annotations-1.0-1.jar:/opt/hadoop/share/hadoop/hdfs/lib/json-smart-2.3.jar:/opt/hadoop/share/hadoop/hdfs/lib/accessors-smart-1.2.jar:/opt/hadoop/share/hadoop/hdfs/lib/asm-5.0.4.jar:/opt/hadoop/share/hadoop/hdfs/lib/zookeeper-3.4.13.jar:/opt/hadoop/share/hadoop/hdfs/lib/audience-annotations-0.5.0.jar:/opt/hadoop/share/hadoop/hdfs/lib/netty-3.10.5.Final.jar:/opt/hadoop/share/hadoop/hdfs/lib/curator-framework-2.13.0.jar:/opt/hadoop/share/hadoop/hdfs/lib/curator-client-2.13.0.jar:/opt/hadoop/share/hadoop/hdfs/lib/guava-11.0.2.jar:/opt/hadoop/share/hadoop/hdfs/lib/jsr305-3.0.0.jar:/opt/hadoop/share/hadoop/hdfs/lib/kerb-simplekdc-1.0.1.jar:/opt/hadoop/share/hadoop/hdfs/lib/kerb-client-1.0.1.jar:/opt/hadoop/share/hadoop/hdfs/lib/kerby-config-1.0.1.jar:/opt/hadoop/share/hadoop/hdfs/lib/kerb-core-1.0.1.jar:/opt/hadoop/share/hadoop/hdfs/lib/kerby-pkix-1.0.1.jar:/opt/hadoop/share/hadoop/hdfs/lib/kerby-asn1-1.0.1.jar:/opt/hadoop/share/hadoop/hdfs/lib/kerby-util-1.0.1.jar:/opt/hadoop/share/hadoop/hdfs/lib/kerb-common-1.0.1.jar:/opt/hadoop/share/hadoop/hdfs/lib/kerb-crypto-1.0.1.jar:/opt/hadoop/share/hadoop/hdfs/lib/commons-io-2.5.jar:/opt/hadoop/share/hadoop/hdfs/lib/kerb-util-1.0.1.jar:/opt/hadoop/share/hadoop/hdfs/lib/token-provider-1.0.1.jar:/opt/hadoop/share/hadoop/hdfs/lib/kerb-admin-1.0.1.jar:/opt/hadoop/share/hadoop/hdfs/lib/kerb-server-1.0.1.jar:/opt/hadoop/share/hadoop/hdfs/lib/kerb-identity-1.0.1.jar:/opt/hadoop/share/hadoop/hdfs/lib/kerby-xdr-1.0.1.jar:/opt/hadoop/share/hadoop/hdfs/lib/jersey-core-1.19.jar:/opt/hadoop/share/hadoop/hdfs/lib/jsr311-api-1.1.1.jar:/opt/hadoop/share/hadoop/hdfs/lib/jersey-server-1.19.jar:/opt/hadoop/share/hadoop/hdfs/lib/javax.servlet-api-3.1.0.jar:/opt/hadoop/share/hadoop/hdfs/lib/json-simple-1.1.1.jar:/opt/hadoop/share/hadoop/hdfs/lib/jetty-server-9.3.24.v20180605.jar:/opt/hadoop/share/hadoop/hdfs/lib/jetty-http-9.3.24.v20180605.jar:/opt/hadoop/share/hadoop/hdfs/lib/jetty-util-9.3.24.v20180605.jar:/opt/hadoop/share/hadoop/hdfs/lib/jetty-io-9.3.24.v20180605.jar:/opt/hadoop/share/hadoop/hdfs/lib/jetty-webapp-9.3.24.v20180605.jar:/opt/hadoop/share/hadoop/hdfs/lib/jetty-xml-9.3.24.v20180605.jar:/opt/hadoop/share/hadoop/hdfs/lib/jetty-servlet-9.3.24.v20180605.jar:/opt/hadoop/share/hadoop/hdfs/lib/jetty-security-9.3.24.v20180605.jar:/opt/hadoop/share/hadoop/hdfs/lib/hadoop-annotations-3.1.2.jar:/opt/hadoop/share/hadoop/hdfs/lib/commons-cli-1.2.jar:/opt/hadoop/share/hadoop/hdfs/lib/commons-math3-3.1.1.jar:/opt/hadoop/share/hadoop/hdfs/lib/commons-net-3.6.jar:/opt/hadoop/share/hadoop/hdfs/lib/commons-collections-3.2.2.jar:/opt/hadoop/share/hadoop/hdfs/lib/jersey-servlet-1.19.jar:/opt/hadoop/share/hadoop/hdfs/lib/jersey-json-1.19.jar:/opt/hadoop/share/hadoop/hdfs/lib/jettison-1.1.jar:/opt/hadoop/share/hadoop/hdfs/lib/jaxb-impl-2.2.3-1.jar:/opt/hadoop/share/hadoop/hdfs/lib/jaxb-api-2.2.11.jar:/opt/hadoop/share/hadoop/hdfs/lib/jackson-core-asl-1.9.13.jar:/opt/hadoop/share/hadoop/hdfs/lib/jackson-mapper-asl-1.9.13.jar:/opt/hadoop/share/hadoop/hdfs/lib/jackson-jaxrs-1.9.13.jar:/opt/hadoop/share/hadoop/hdfs/lib/jackson-xc-1.9.13.jar:/opt/hadoop/share/hadoop/hdfs/lib/commons-lang-2.6.jar:/opt/hadoop/share/hadoop/hdfs/lib/commons-beanutils-1.9.3.jar:/opt/hadoop/share/hadoop/hdfs/lib/commons-configuration2-2.1.1.jar:/opt/hadoop/share/hadoop/hdfs/lib/commons-lang3-3.4.jar:/opt/hadoop/share/hadoop/hdfs/lib/avro-1.7.7.jar:/opt/hadoop/share/hadoop/hdfs/lib/paranamer-2.3.jar:/opt/hadoop/share/hadoop/hdfs/lib/snappy-java-1.0.5.jar:/opt/hadoop/share/hadoop/hdfs/lib/commons-compress-1.18.jar:/opt/hadoop/share/hadoop/hdfs/lib/re2j-1.1.jar:/opt/hadoop/share/hadoop/hdfs/lib/protobuf-java-2.5.0.jar:/opt/hadoop/share/hadoop/hdfs/lib/gson-2.2.4.jar:/opt/hadoop/share/hadoop/hdfs/lib/jsch-0.1.54.jar:/opt/hadoop/share/hadoop/hdfs/lib/curator-recipes-2.13.0.jar:/opt/hadoop/share/hadoop/hdfs/lib/htrace-core4-4.1.0-incubating.jar:/opt/hadoop/share/hadoop/hdfs/lib/jackson-databind-2.7.8.jar:/opt/hadoop/share/hadoop/hdfs/lib/jackson-annotations-2.7.8.jar:/opt/hadoop/share/hadoop/hdfs/lib/jackson-core-2.7.8.jar:/opt/hadoop/share/hadoop/hdfs/lib/stax2-api-3.1.4.jar:/opt/hadoop/share/hadoop/hdfs/lib/woodstox-core-5.0.3.jar:/opt/hadoop/share/hadoop/hdfs/hadoop-hdfs-3.1.2-tests.jar:/opt/hadoop/share/hadoop/hdfs/hadoop-hdfs-3.1.2.jar:/opt/hadoop/share/hadoop/hdfs/hadoop-hdfs-nfs-3.1.2.jar:/opt/hadoop/share/hadoop/hdfs/hadoop-hdfs-client-3.1.2-tests.jar:/opt/hadoop/share/hadoop/hdfs/hadoop-hdfs-client-3.1.2.jar:/opt/hadoop/share/hadoop/hdfs/hadoop-hdfs-native-client-3.1.2-tests.jar:/opt/hadoop/share/hadoop/hdfs/hadoop-hdfs-native-client-3.1.2.jar:/opt/hadoop/share/hadoop/hdfs/hadoop-hdfs-rbf-3.1.2-tests.jar:/opt/hadoop/share/hadoop/hdfs/hadoop-hdfs-rbf-3.1.2.jar:/opt/hadoop/share/hadoop/hdfs/hadoop-hdfs-httpfs-3.1.2.jar:/opt/hadoop/share/hadoop/mapreduce/lib/hamcrest-core-1.3.jar:/opt/hadoop/share/hadoop/mapreduce/lib/junit-4.11.jar:/opt/hadoop/share/hadoop/mapreduce/hadoop-mapreduce-client-app-3.1.2.jar:/opt/hadoop/share/hadoop/mapreduce/hadoop-mapreduce-client-common-3.1.2.jar:/opt/hadoop/share/hadoop/mapreduce/hadoop-mapreduce-client-core-3.1.2.jar:/opt/hadoop/share/hadoop/mapreduce/hadoop-mapreduce-client-hs-3.1.2.jar:/opt/hadoop/share/hadoop/mapreduce/hadoop-mapreduce-client-hs-plugins-3.1.2.jar:/opt/hadoop/share/hadoop/mapreduce/hadoop-mapreduce-client-jobclient-3.1.2-tests.jar:/opt/hadoop/share/hadoop/mapreduce/hadoop-mapreduce-client-jobclient-3.1.2.jar:/opt/hadoop/share/hadoop/mapreduce/hadoop-mapreduce-client-nativetask-3.1.2.jar:/opt/hadoop/share/hadoop/mapreduce/hadoop-mapreduce-client-shuffle-3.1.2.jar:/opt/hadoop/share/hadoop/mapreduce/hadoop-mapreduce-client-uploader-3.1.2.jar:/opt/hadoop/share/hadoop/mapreduce/hadoop-mapreduce-examples-3.1.2.jar:/opt/hadoop/share/hadoop/yarn:/opt/hadoop/share/hadoop/yarn/lib/HikariCP-java7-2.4.12.jar:/opt/hadoop/share/hadoop/yarn/lib/aopalliance-1.0.jar:/opt/hadoop/share/hadoop/yarn/lib/dnsjava-2.1.7.jar:/opt/hadoop/share/hadoop/yarn/lib/ehcache-3.3.1.jar:/opt/hadoop/share/hadoop/yarn/lib/fst-2.50.jar:/opt/hadoop/share/hadoop/yarn/lib/geronimo-jcache_1.0_spec-1.0-alpha-1.jar:/opt/hadoop/share/hadoop/yarn/lib/guice-4.0.jar:/opt/hadoop/share/hadoop/yarn/lib/guice-servlet-4.0.jar:/opt/hadoop/share/hadoop/yarn/lib/jackson-jaxrs-base-2.7.8.jar:/opt/hadoop/share/hadoop/yarn/lib/jackson-jaxrs-json-provider-2.7.8.jar:/opt/hadoop/share/hadoop/yarn/lib/jackson-module-jaxb-annotations-2.7.8.jar:/opt/hadoop/share/hadoop/yarn/lib/java-util-1.9.0.jar:/opt/hadoop/share/hadoop/yarn/lib/javax.inject-1.jar:/opt/hadoop/share/hadoop/yarn/lib/jersey-client-1.19.jar:/opt/hadoop/share/hadoop/yarn/lib/jersey-guice-1.19.jar:/opt/hadoop/share/hadoop/yarn/lib/json-io-2.5.1.jar:/opt/hadoop/share/hadoop/yarn/lib/metrics-core-3.2.4.jar:/opt/hadoop/share/hadoop/yarn/lib/mssql-jdbc-6.2.1.jre7.jar:/opt/hadoop/share/hadoop/yarn/lib/objenesis-1.0.jar:/opt/hadoop/share/hadoop/yarn/lib/snakeyaml-1.16.jar:/opt/hadoop/share/hadoop/yarn/lib/swagger-annotations-1.5.4.jar:/opt/hadoop/share/hadoop/yarn/hadoop-yarn-api-3.1.2.jar:/opt/hadoop/share/hadoop/yarn/hadoop-yarn-applications-distributedshell-3.1.2.jar:/opt/hadoop/share/hadoop/yarn/hadoop-yarn-applications-unmanaged-am-launcher-3.1.2.jar:/opt/hadoop/share/hadoop/yarn/hadoop-yarn-client-3.1.2.jar:/opt/hadoop/share/hadoop/yarn/hadoop-yarn-common-3.1.2.jar:/opt/hadoop/share/hadoop/yarn/hadoop-yarn-registry-3.1.2.jar:/opt/hadoop/share/hadoop/yarn/hadoop-yarn-server-applicationhistoryservice-3.1.2.jar:/opt/hadoop/share/hadoop/yarn/hadoop-yarn-server-common-3.1.2.jar:/opt/hadoop/share/hadoop/yarn/hadoop-yarn-server-nodemanager-3.1.2.jar:/opt/hadoop/share/hadoop/yarn/hadoop-yarn-server-resourcemanager-3.1.2.jar:/opt/hadoop/share/hadoop/yarn/hadoop-yarn-server-router-3.1.2.jar:/opt/hadoop/share/hadoop/yarn/hadoop-yarn-server-sharedcachemanager-3.1.2.jar:/opt/hadoop/share/hadoop/yarn/hadoop-yarn-server-tests-3.1.2.jar:/opt/hadoop/share/hadoop/yarn/hadoop-yarn-server-timeline-pluginstorage-3.1.2.jar:/opt/hadoop/share/hadoop/yarn/hadoop-yarn-server-web-proxy-3.1.2.jar:/opt/hadoop/share/hadoop/yarn/hadoop-yarn-services-api-3.1.2.jar:/opt/hadoop/share/hadoop/yarn/hadoop-yarn-services-core-3.1.2.jar
STARTUP_MSG:   build = https://github.com/apache/hadoop.git -r 1019dde65bcf12e05ef48ac71e84550d589e5d9a; compiled by 'sunilg' on 2019-01-29T01:39Z
STARTUP_MSG:   java = 1.8.0_201
************************************************************/
2019-03-20 23:14:42,763 INFO org.apache.hadoop.mapreduce.v2.hs.JobHistoryServer: registered UNIX signal handlers for [TERM, HUP, INT]
2019-03-20 23:14:44,068 INFO org.apache.hadoop.metrics2.impl.MetricsConfig: loaded properties from hadoop-metrics2.properties
2019-03-20 23:14:44,178 INFO org.apache.hadoop.metrics2.impl.MetricsSystemImpl: Scheduled Metric snapshot period at 10 second(s).
2019-03-20 23:14:44,178 INFO org.apache.hadoop.metrics2.impl.MetricsSystemImpl: JobHistoryServer metrics system started
2019-03-20 23:14:44,186 INFO org.apache.hadoop.mapreduce.v2.hs.JobHistory: JobHistory Init
2019-03-20 23:14:45,039 INFO org.apache.hadoop.mapreduce.v2.jobhistory.JobHistoryUtils: Default file system [hdfs://master:9000]
2019-03-20 23:14:45,286 INFO org.apache.hadoop.mapreduce.v2.hs.HistoryFileManager: Perms after creating 504, Expected: 504
2019-03-20 23:14:45,302 INFO org.apache.hadoop.mapreduce.v2.jobhistory.JobHistoryUtils: Default file system [hdfs://master:9000]
2019-03-20 23:14:45,324 INFO org.apache.hadoop.mapreduce.v2.hs.HistoryFileManager: Perms after creating 493, Expected: 1023
2019-03-20 23:14:45,324 INFO org.apache.hadoop.mapreduce.v2.hs.HistoryFileManager: Explicitly setting permissions to : 1023, rwxrwxrwt
2019-03-20 23:14:45,341 INFO org.apache.hadoop.mapreduce.v2.hs.HistoryFileManager: Initializing Existing Jobs...
2019-03-20 23:14:45,354 INFO org.apache.hadoop.mapreduce.v2.hs.HistoryFileManager: Found 0 directories to load
2019-03-20 23:14:45,354 INFO org.apache.hadoop.mapreduce.v2.hs.HistoryFileManager: Existing job initialization finished. 0.0% of cache is occupied.
2019-03-20 23:14:45,355 INFO org.apache.hadoop.mapreduce.v2.hs.CachedHistoryStorage: CachedHistoryStorage Init
2019-03-20 23:14:50,436 INFO org.apache.hadoop.ipc.CallQueueManager: Using callQueue: class java.util.concurrent.LinkedBlockingQueue queueCapacity: 100 scheduler: class org.apache.hadoop.ipc.DefaultRpcScheduler
2019-03-20 23:14:50,444 INFO org.apache.hadoop.ipc.Server: Starting Socket Reader #1 for port 10033
2019-03-20 23:14:50,720 INFO org.apache.hadoop.security.token.delegation.AbstractDelegationTokenSecretManager: Updating the current master key for generating delegation tokens
2019-03-20 23:14:50,734 INFO org.apache.hadoop.security.token.delegation.AbstractDelegationTokenSecretManager: Starting expired delegation token remover thread, tokenRemoverScanInterval=60 min(s)
2019-03-20 23:14:50,734 INFO org.apache.hadoop.security.token.delegation.AbstractDelegationTokenSecretManager: Updating the current master key for generating delegation tokens
2019-03-20 23:14:50,794 INFO org.eclipse.jetty.util.log: Logging initialized @8549ms
2019-03-20 23:14:50,884 INFO org.apache.hadoop.security.authentication.server.AuthenticationFilter: Unable to initialize FileSignerSecretProvider, falling back to use random secrets.
2019-03-20 23:14:50,888 INFO org.apache.hadoop.http.HttpRequestLog: Http request log for http.requests.jobhistory is not defined
2019-03-20 23:14:50,893 INFO org.apache.hadoop.http.HttpServer2: Added global filter 'safety' (class=org.apache.hadoop.http.HttpServer2$QuotingInputFilter)
2019-03-20 23:14:50,894 INFO org.apache.hadoop.http.HttpServer2: Added filter static_user_filter (class=org.apache.hadoop.http.lib.StaticUserWebFilter$StaticUserFilter) to context jobhistory
2019-03-20 23:14:50,894 INFO org.apache.hadoop.http.HttpServer2: Added filter static_user_filter (class=org.apache.hadoop.http.lib.StaticUserWebFilter$StaticUserFilter) to context logs
2019-03-20 23:14:50,894 INFO org.apache.hadoop.http.HttpServer2: Added filter static_user_filter (class=org.apache.hadoop.http.lib.StaticUserWebFilter$StaticUserFilter) to context static
2019-03-20 23:14:50,903 INFO org.apache.hadoop.http.HttpServer2: adding path spec: /jobhistory/*
2019-03-20 23:14:50,903 INFO org.apache.hadoop.http.HttpServer2: adding path spec: /ws/*
2019-03-20 23:14:51,437 INFO org.apache.hadoop.yarn.webapp.WebApps: Registered webapp guice modules
2019-03-20 23:14:51,438 INFO org.apache.hadoop.http.HttpServer2: Jetty bound to port 19888
2019-03-20 23:14:51,439 INFO org.eclipse.jetty.server.Server: jetty-9.3.24.v20180605, build timestamp: 2018-06-05T13:11:56-04:00, git hash: 84205aa28f11a4f31f2a3b86d1bba2cc8ab69827
2019-03-20 23:14:51,482 INFO org.eclipse.jetty.server.handler.ContextHandler: Started o.e.j.s.ServletContextHandler@60afd40d{/logs,file:///opt/hadoop/logs/,AVAILABLE}
2019-03-20 23:14:51,484 INFO org.eclipse.jetty.server.handler.ContextHandler: Started o.e.j.s.ServletContextHandler@ea27e34{/static,jar:file:/opt/hadoop/share/hadoop/yarn/hadoop-yarn-common-3.1.2.jar!/webapps/static,AVAILABLE}
2019-03-20 23:14:53,152 INFO org.eclipse.jetty.server.handler.ContextHandler: Started o.e.j.w.WebAppContext@1645f294{/,file:///tmp/jetty-master-19888-jobhistory-_-any-1298166224676284998.dir/webapp/,AVAILABLE}{/jobhistory}
2019-03-20 23:14:53,155 INFO org.eclipse.jetty.server.AbstractConnector: Started ServerConnector@7412ed6b{HTTP/1.1,[http/1.1]}{master:19888}
2019-03-20 23:14:53,155 INFO org.eclipse.jetty.server.Server: Started @10912ms
2019-03-20 23:14:53,155 INFO org.apache.hadoop.yarn.webapp.WebApps: Web app jobhistory started at 19888
2019-03-20 23:14:53,180 INFO org.apache.hadoop.ipc.CallQueueManager: Using callQueue: class java.util.concurrent.LinkedBlockingQueue queueCapacity: 1000 scheduler: class org.apache.hadoop.ipc.DefaultRpcScheduler
2019-03-20 23:14:53,186 INFO org.apache.hadoop.ipc.Server: Starting Socket Reader #1 for port 10020
2019-03-20 23:14:53,191 INFO org.apache.hadoop.yarn.factories.impl.pb.RpcServerFactoryPBImpl: Adding protocol org.apache.hadoop.mapreduce.v2.api.HSClientProtocolPB to the server
2019-03-20 23:14:53,192 INFO org.apache.hadoop.ipc.Server: IPC Server Responder: starting
2019-03-20 23:14:53,194 INFO org.apache.hadoop.ipc.Server: IPC Server listener on 10020: starting
2019-03-20 23:14:53,197 INFO org.apache.hadoop.mapreduce.v2.hs.HistoryClientService: Instantiated HistoryClientService at master/192.168.1.111:10020
2019-03-20 23:14:53,198 INFO org.apache.hadoop.ipc.Server: IPC Server Responder: starting
2019-03-20 23:14:53,198 INFO org.apache.hadoop.ipc.Server: IPC Server listener on 10033: starting
2019-03-20 23:14:53,200 INFO org.apache.hadoop.util.JvmPauseMonitor: Starting JVM pause monitor
2019-03-20 23:15:20,735 INFO org.apache.hadoop.mapreduce.v2.hs.JobHistory: History Cleaner started
2019-03-20 23:15:20,748 INFO org.apache.hadoop.mapreduce.v2.hs.JobHistory: History Cleaner complete
2019-03-20 23:17:50,734 INFO org.apache.hadoop.mapreduce.v2.hs.JobHistory: Starting scan to move intermediate done files
2019-03-20 23:20:50,735 INFO org.apache.hadoop.mapreduce.v2.hs.JobHistory: Starting scan to move intermediate done files
2019-03-20 23:20:50,743 ERROR org.apache.hadoop.mapreduce.v2.hs.JobHistory: Error while scanning intermediate done dir 
java.net.ConnectException: Call From master/192.168.1.111 to master:9000 failed on connection exception: java.net.ConnectException: Connection refused; For more details see:  http://wiki.apache.org/hadoop/ConnectionRefused
	at sun.reflect.NativeConstructorAccessorImpl.newInstance0(Native Method)
	at sun.reflect.NativeConstructorAccessorImpl.newInstance(NativeConstructorAccessorImpl.java:62)
	at sun.reflect.DelegatingConstructorAccessorImpl.newInstance(DelegatingConstructorAccessorImpl.java:45)
	at java.lang.reflect.Constructor.newInstance(Constructor.java:423)
	at org.apache.hadoop.net.NetUtils.wrapWithMessage(NetUtils.java:831)
	at org.apache.hadoop.net.NetUtils.wrapException(NetUtils.java:755)
	at org.apache.hadoop.ipc.Client.getRpcResponse(Client.java:1515)
	at org.apache.hadoop.ipc.Client.call(Client.java:1457)
	at org.apache.hadoop.ipc.Client.call(Client.java:1367)
	at org.apache.hadoop.ipc.ProtobufRpcEngine$Invoker.invoke(ProtobufRpcEngine.java:228)
	at org.apache.hadoop.ipc.ProtobufRpcEngine$Invoker.invoke(ProtobufRpcEngine.java:116)
	at com.sun.proxy.$Proxy14.getListing(Unknown Source)
	at org.apache.hadoop.hdfs.protocolPB.ClientNamenodeProtocolTranslatorPB.getListing(ClientNamenodeProtocolTranslatorPB.java:667)
	at sun.reflect.NativeMethodAccessorImpl.invoke0(Native Method)
	at sun.reflect.NativeMethodAccessorImpl.invoke(NativeMethodAccessorImpl.java:62)
	at sun.reflect.DelegatingMethodAccessorImpl.invoke(DelegatingMethodAccessorImpl.java:43)
	at java.lang.reflect.Method.invoke(Method.java:498)
	at org.apache.hadoop.io.retry.RetryInvocationHandler.invokeMethod(RetryInvocationHandler.java:422)
	at org.apache.hadoop.io.retry.RetryInvocationHandler$Call.invokeMethod(RetryInvocationHandler.java:165)
	at org.apache.hadoop.io.retry.RetryInvocationHandler$Call.invoke(RetryInvocationHandler.java:157)
	at org.apache.hadoop.io.retry.RetryInvocationHandler$Call.invokeOnce(RetryInvocationHandler.java:95)
	at org.apache.hadoop.io.retry.RetryInvocationHandler.invoke(RetryInvocationHandler.java:359)
	at com.sun.proxy.$Proxy15.getListing(Unknown Source)
	at org.apache.hadoop.hdfs.DFSClient.listPaths(DFSClient.java:1641)
	at org.apache.hadoop.fs.Hdfs$DirListingIterator.<init>(Hdfs.java:232)
	at org.apache.hadoop.fs.Hdfs$DirListingIterator.<init>(Hdfs.java:219)
	at org.apache.hadoop.fs.Hdfs$2.<init>(Hdfs.java:201)
	at org.apache.hadoop.fs.Hdfs.listStatusIterator(Hdfs.java:201)
	at org.apache.hadoop.fs.FileContext$22.next(FileContext.java:1531)
	at org.apache.hadoop.fs.FileContext$22.next(FileContext.java:1526)
	at org.apache.hadoop.fs.FSLinkResolver.resolve(FSLinkResolver.java:90)
	at org.apache.hadoop.fs.FileContext.listStatus(FileContext.java:1533)
	at org.apache.hadoop.mapreduce.v2.jobhistory.JobHistoryUtils.listFilteredStatus(JobHistoryUtils.java:530)
	at org.apache.hadoop.mapreduce.v2.jobhistory.JobHistoryUtils.localGlobber(JobHistoryUtils.java:477)
	at org.apache.hadoop.mapreduce.v2.jobhistory.JobHistoryUtils.localGlobber(JobHistoryUtils.java:469)
	at org.apache.hadoop.mapreduce.v2.jobhistory.JobHistoryUtils.localGlobber(JobHistoryUtils.java:464)
	at org.apache.hadoop.mapreduce.v2.hs.HistoryFileManager.scanIntermediateDirectory(HistoryFileManager.java:922)
	at org.apache.hadoop.mapreduce.v2.hs.JobHistory$MoveIntermediateToDoneRunnable.run(JobHistory.java:192)
	at java.util.concurrent.Executors$RunnableAdapter.call(Executors.java:511)
	at java.util.concurrent.FutureTask.runAndReset(FutureTask.java:308)
	at java.util.concurrent.ScheduledThreadPoolExecutor$ScheduledFutureTask.access$301(ScheduledThreadPoolExecutor.java:180)
	at java.util.concurrent.ScheduledThreadPoolExecutor$ScheduledFutureTask.run(ScheduledThreadPoolExecutor.java:294)
	at java.util.concurrent.ThreadPoolExecutor.runWorker(ThreadPoolExecutor.java:1149)
	at java.util.concurrent.ThreadPoolExecutor$Worker.run(ThreadPoolExecutor.java:624)
	at java.lang.Thread.run(Thread.java:748)
Caused by: java.net.ConnectException: Connection refused
	at sun.nio.ch.SocketChannelImpl.checkConnect(Native Method)
	at sun.nio.ch.SocketChannelImpl.finishConnect(SocketChannelImpl.java:717)
	at org.apache.hadoop.net.SocketIOWithTimeout.connect(SocketIOWithTimeout.java:206)
	at org.apache.hadoop.net.NetUtils.connect(NetUtils.java:531)
	at org.apache.hadoop.ipc.Client$Connection.setupConnection(Client.java:690)
	at org.apache.hadoop.ipc.Client$Connection.setupIOstreams(Client.java:794)
	at org.apache.hadoop.ipc.Client$Connection.access$3700(Client.java:411)
	at org.apache.hadoop.ipc.Client.getConnection(Client.java:1572)
	at org.apache.hadoop.ipc.Client.call(Client.java:1403)
	... 37 more
2019-03-20 23:23:50,735 INFO org.apache.hadoop.mapreduce.v2.hs.JobHistory: Starting scan to move intermediate done files
2019-03-20 23:26:50,734 INFO org.apache.hadoop.mapreduce.v2.hs.JobHistory: Starting scan to move intermediate done files
2019-03-20 23:29:50,734 INFO org.apache.hadoop.mapreduce.v2.hs.JobHistory: Starting scan to move intermediate done files
2019-03-20 23:32:50,734 INFO org.apache.hadoop.mapreduce.v2.hs.JobHistory: Starting scan to move intermediate done files
2019-03-20 23:35:50,734 INFO org.apache.hadoop.mapreduce.v2.hs.JobHistory: Starting scan to move intermediate done files
2019-03-20 23:38:50,734 INFO org.apache.hadoop.mapreduce.v2.hs.JobHistory: Starting scan to move intermediate done files
2019-03-20 23:41:50,734 INFO org.apache.hadoop.mapreduce.v2.hs.JobHistory: Starting scan to move intermediate done files
2019-03-20 23:44:50,734 INFO org.apache.hadoop.mapreduce.v2.hs.JobHistory: Starting scan to move intermediate done files
2019-03-20 23:47:50,734 INFO org.apache.hadoop.mapreduce.v2.hs.JobHistory: Starting scan to move intermediate done files
2019-03-20 23:50:50,734 INFO org.apache.hadoop.mapreduce.v2.hs.JobHistory: Starting scan to move intermediate done files
2019-03-20 23:53:50,744 INFO org.apache.hadoop.mapreduce.v2.hs.JobHistory: Starting scan to move intermediate done files
2019-03-20 23:56:50,734 INFO org.apache.hadoop.mapreduce.v2.hs.JobHistory: Starting scan to move intermediate done files
2019-03-20 23:59:50,734 INFO org.apache.hadoop.mapreduce.v2.hs.JobHistory: Starting scan to move intermediate done files
2019-03-21 00:02:50,735 INFO org.apache.hadoop.mapreduce.v2.hs.JobHistory: Starting scan to move intermediate done files
2019-03-21 00:05:50,735 INFO org.apache.hadoop.mapreduce.v2.hs.JobHistory: Starting scan to move intermediate done files
2019-03-21 00:08:50,735 INFO org.apache.hadoop.mapreduce.v2.hs.JobHistory: Starting scan to move intermediate done files
2019-03-21 00:11:50,734 INFO org.apache.hadoop.mapreduce.v2.hs.JobHistory: Starting scan to move intermediate done files
2019-03-21 00:14:50,734 INFO org.apache.hadoop.mapreduce.v2.hs.JobHistory: Starting scan to move intermediate done files
2019-03-21 00:17:50,734 INFO org.apache.hadoop.mapreduce.v2.hs.JobHistory: Starting scan to move intermediate done files
2019-03-21 00:20:50,734 INFO org.apache.hadoop.mapreduce.v2.hs.JobHistory: Starting scan to move intermediate done files
2019-03-21 00:23:50,735 INFO org.apache.hadoop.mapreduce.v2.hs.JobHistory: Starting scan to move intermediate done files
2019-03-21 00:26:50,735 INFO org.apache.hadoop.mapreduce.v2.hs.JobHistory: Starting scan to move intermediate done files
2019-03-21 00:29:50,734 INFO org.apache.hadoop.mapreduce.v2.hs.JobHistory: Starting scan to move intermediate done files
2019-03-21 00:32:50,734 INFO org.apache.hadoop.mapreduce.v2.hs.JobHistory: Starting scan to move intermediate done files
