Spark Command: /opt/java/bin/java -cp /opt/spark/conf/:/opt/spark/jars/*:/opt/hadoop/etc/hadoop/ -Xmx1g org.apache.spark.deploy.master.Master --host master --port 7077 --webui-port 8080
========================================
2019-03-20 23:46:36 INFO  Master:2566 - Started daemon with process name: 22333@master
2019-03-20 23:46:36 INFO  SignalUtils:54 - Registered signal handler for TERM
2019-03-20 23:46:36 INFO  SignalUtils:54 - Registered signal handler for HUP
2019-03-20 23:46:36 INFO  SignalUtils:54 - Registered signal handler for INT
2019-03-20 23:46:36 WARN  MasterArguments:66 - SPARK_MASTER_IP is deprecated, please use SPARK_MASTER_HOST
2019-03-20 23:46:37 WARN  NativeCodeLoader:62 - Unable to load native-hadoop library for your platform... using builtin-java classes where applicable
2019-03-20 23:46:37 INFO  SecurityManager:54 - Changing view acls to: hadoop
2019-03-20 23:46:37 INFO  SecurityManager:54 - Changing modify acls to: hadoop
2019-03-20 23:46:37 INFO  SecurityManager:54 - Changing view acls groups to: 
2019-03-20 23:46:37 INFO  SecurityManager:54 - Changing modify acls groups to: 
2019-03-20 23:46:37 INFO  SecurityManager:54 - SecurityManager: authentication disabled; ui acls disabled; users  with view permissions: Set(hadoop); groups with view permissions: Set(); users  with modify permissions: Set(hadoop); groups with modify permissions: Set()
2019-03-20 23:46:38 INFO  Utils:54 - Successfully started service 'sparkMaster' on port 7077.
2019-03-20 23:46:38 INFO  Master:54 - Starting Spark master at spark://master:7077
2019-03-20 23:46:38 INFO  Master:54 - Running Spark version 2.4.0
2019-03-20 23:46:38 INFO  log:192 - Logging initialized @2563ms
2019-03-20 23:46:38 INFO  Server:351 - jetty-9.3.z-SNAPSHOT, build timestamp: unknown, git hash: unknown
2019-03-20 23:46:38 INFO  Server:419 - Started @2688ms
2019-03-20 23:46:38 INFO  AbstractConnector:278 - Started ServerConnector@54059bbe{HTTP/1.1,[http/1.1]}{0.0.0.0:8080}
2019-03-20 23:46:38 INFO  Utils:54 - Successfully started service 'MasterUI' on port 8080.
2019-03-20 23:46:38 INFO  ContextHandler:781 - Started o.s.j.s.ServletContextHandler@5f082c2b{/app,null,AVAILABLE,@Spark}
2019-03-20 23:46:38 INFO  ContextHandler:781 - Started o.s.j.s.ServletContextHandler@7cffd478{/app/json,null,AVAILABLE,@Spark}
2019-03-20 23:46:38 INFO  ContextHandler:781 - Started o.s.j.s.ServletContextHandler@280fa8e6{/,null,AVAILABLE,@Spark}
2019-03-20 23:46:38 INFO  ContextHandler:781 - Started o.s.j.s.ServletContextHandler@6a4fd489{/json,null,AVAILABLE,@Spark}
2019-03-20 23:46:38 INFO  ContextHandler:781 - Started o.s.j.s.ServletContextHandler@681181ac{/static,null,AVAILABLE,@Spark}
2019-03-20 23:46:38 INFO  ContextHandler:781 - Started o.s.j.s.ServletContextHandler@653bbe02{/app/kill,null,AVAILABLE,@Spark}
2019-03-20 23:46:38 INFO  ContextHandler:781 - Started o.s.j.s.ServletContextHandler@5af83775{/driver/kill,null,AVAILABLE,@Spark}
2019-03-20 23:46:38 INFO  MasterWebUI:54 - Bound MasterWebUI to 0.0.0.0, and started at http://master:8080
2019-03-20 23:46:38 INFO  ContextHandler:781 - Started o.s.j.s.ServletContextHandler@4cbbea5{/metrics/master/json,null,AVAILABLE,@Spark}
2019-03-20 23:46:38 INFO  ContextHandler:781 - Started o.s.j.s.ServletContextHandler@7fdb9662{/metrics/applications/json,null,AVAILABLE,@Spark}
2019-03-20 23:46:38 INFO  Master:54 - I have been elected leader! New state: ALIVE
2019-03-20 23:46:44 INFO  Master:54 - Registering worker 192.168.1.112:44294 with 1 cores, 1024.0 MB RAM
2019-03-21 00:22:38 WARN  Master:66 - Removing worker-20190320234642-192.168.1.112-44294 because we got no heartbeat in 60 seconds
2019-03-21 00:22:38 INFO  Master:54 - Removing worker worker-20190320234642-192.168.1.112-44294 on 192.168.1.112:44294
2019-03-21 00:22:38 INFO  Master:54 - Telling app of lost worker: worker-20190320234642-192.168.1.112-44294
